{"D:\\Learn\\WebDev\\tools-cli\\packages\\buildAnalyzer\\src\\index.ts": {"path":"D:\\Learn\\WebDev\\tools-cli\\packages\\buildAnalyzer\\src\\index.ts","statementMap":{"0":{"start":{"line":97,"column":8},"end":{"line":97,"column":12}},"1":{"start":{"line":1,"column":0},"end":{"line":1,"column":24}},"2":{"start":{"line":2,"column":0},"end":{"line":2,"column":36}},"3":{"start":{"line":4,"column":0},"end":{"line":4,"column":48}},"4":{"start":{"line":5,"column":0},"end":{"line":5,"column":54}},"5":{"start":{"line":6,"column":0},"end":{"line":6,"column":55}},"6":{"start":{"line":7,"column":0},"end":{"line":7,"column":51}},"7":{"start":{"line":8,"column":0},"end":{"line":8,"column":46}},"8":{"start":{"line":10,"column":43},"end":{"line":20,"column":2}},"9":{"start":{"line":13,"column":35},"end":{"line":13,"column":69}},"10":{"start":{"line":23,"column":4},"end":{"line":94,"column":5}},"11":{"start":{"line":24,"column":24},"end":{"line":24,"column":64}},"12":{"start":{"line":25,"column":26},"end":{"line":25,"column":70}},"13":{"start":{"line":27,"column":44},"end":{"line":32,"column":10}},"14":{"start":{"line":35,"column":8},"end":{"line":37,"column":9}},"15":{"start":{"line":36,"column":12},"end":{"line":36,"column":52}},"16":{"start":{"line":38,"column":8},"end":{"line":40,"column":9}},"17":{"start":{"line":39,"column":12},"end":{"line":39,"column":52}},"18":{"start":{"line":43,"column":8},"end":{"line":43,"column":null}},"19":{"start":{"line":45,"column":8},"end":{"line":45,"column":65}},"20":{"start":{"line":48,"column":29},"end":{"line":48,"column":47}},"21":{"start":{"line":49,"column":25},"end":{"line":49,"column":64}},"22":{"start":{"line":50,"column":27},"end":{"line":50,"column":49}},"23":{"start":{"line":53,"column":8},"end":{"line":53,"column":43}},"24":{"start":{"line":56,"column":22},"end":{"line":56,"column":76}},"25":{"start":{"line":57,"column":8},"end":{"line":63,"column":9}},"26":{"start":{"line":58,"column":12},"end":{"line":62,"column":13}},"27":{"start":{"line":59,"column":33},"end":{"line":59,"column":66}},"28":{"start":{"line":60,"column":29},"end":{"line":60,"column":52}},"29":{"start":{"line":61,"column":16},"end":{"line":61,"column":59}},"30":{"start":{"line":66,"column":23},"end":{"line":66,"column":54}},"31":{"start":{"line":69,"column":8},"end":{"line":69,"column":42}},"32":{"start":{"line":72,"column":8},"end":{"line":76,"column":9}},"33":{"start":{"line":73,"column":12},"end":{"line":73,"column":38}},"34":{"start":{"line":74,"column":12},"end":{"line":74,"column":68}},"35":{"start":{"line":75,"column":12},"end":{"line":75,"column":35}},"36":{"start":{"line":80,"column":8},"end":{"line":86,"column":9}},"37":{"start":{"line":82,"column":16},"end":{"line":82,"column":63}},"38":{"start":{"line":83,"column":16},"end":{"line":83,"column":22}},"39":{"start":{"line":85,"column":16},"end":{"line":85,"column":79}},"40":{"start":{"line":88,"column":8},"end":{"line":88,"column":32}},"41":{"start":{"line":90,"column":8},"end":{"line":90,"column":29}},"42":{"start":{"line":92,"column":8},"end":{"line":92,"column":89}},"43":{"start":{"line":93,"column":8},"end":{"line":93,"column":24}},"44":{"start":{"line":99,"column":0},"end":{"line":102,"column":null}}},"fnMap":{"0":{"name":"(anonymous_1)","decl":{"start":{"line":13,"column":13},"end":{"line":13,"column":14}},"loc":{"start":{"line":13,"column":35},"end":{"line":13,"column":69}}},"1":{"name":"main","decl":{"start":{"line":22,"column":15},"end":{"line":22,"column":19}},"loc":{"start":{"line":22,"column":57},"end":{"line":95,"column":1}}}},"branchMap":{"0":{"loc":{"start":{"line":24,"column":24},"end":{"line":24,"column":64}},"type":"binary-expr","locations":[{"start":{"line":24,"column":24},"end":{"line":24,"column":39}},{"start":{"line":24,"column":43},"end":{"line":24,"column":64}}]},"1":{"loc":{"start":{"line":25,"column":26},"end":{"line":25,"column":70}},"type":"binary-expr","locations":[{"start":{"line":25,"column":26},"end":{"line":25,"column":43}},{"start":{"line":25,"column":47},"end":{"line":25,"column":70}}]},"2":{"loc":{"start":{"line":35,"column":8},"end":{"line":37,"column":9}},"type":"if","locations":[{"start":{"line":35,"column":8},"end":{"line":37,"column":9}}]},"3":{"loc":{"start":{"line":38,"column":8},"end":{"line":40,"column":9}},"type":"if","locations":[{"start":{"line":38,"column":8},"end":{"line":40,"column":9}}]},"4":{"loc":{"start":{"line":58,"column":12},"end":{"line":62,"column":13}},"type":"if","locations":[{"start":{"line":58,"column":12},"end":{"line":62,"column":13}}]},"5":{"loc":{"start":{"line":58,"column":16},"end":{"line":58,"column":59}},"type":"binary-expr","locations":[{"start":{"line":58,"column":16},"end":{"line":58,"column":29}},{"start":{"line":58,"column":33},"end":{"line":58,"column":59}}]},"6":{"loc":{"start":{"line":72,"column":8},"end":{"line":76,"column":9}},"type":"if","locations":[{"start":{"line":72,"column":8},"end":{"line":76,"column":9}}]},"7":{"loc":{"start":{"line":74,"column":35},"end":{"line":74,"column":60}},"type":"binary-expr","locations":[{"start":{"line":74,"column":35},"end":{"line":74,"column":54}},{"start":{"line":74,"column":58},"end":{"line":74,"column":60}}]},"8":{"loc":{"start":{"line":80,"column":8},"end":{"line":86,"column":9}},"type":"switch","locations":[{"start":{"line":81,"column":12},"end":{"line":83,"column":22}},{"start":{"line":84,"column":12},"end":{"line":85,"column":79}}]},"9":{"loc":{"start":{"line":92,"column":33},"end":{"line":92,"column":87}},"type":"cond-expr","locations":[{"start":{"line":92,"column":58},"end":{"line":92,"column":71}},{"start":{"line":92,"column":74},"end":{"line":92,"column":87}}]}},"s":{"0":0,"1":0,"2":0,"3":0,"4":0,"5":0,"6":0,"7":0,"8":0,"9":0,"10":0,"11":0,"12":0,"13":0,"14":0,"15":0,"16":0,"17":0,"18":0,"19":0,"20":0,"21":0,"22":0,"23":0,"24":0,"25":0,"26":0,"27":0,"28":0,"29":0,"30":0,"31":0,"32":0,"33":0,"34":0,"35":0,"36":0,"37":0,"38":0,"39":0,"40":0,"41":0,"42":0,"43":0,"44":0},"f":{"0":0,"1":0},"b":{"0":[0,0],"1":[0,0],"2":[0],"3":[0],"4":[0],"5":[0,0],"6":[0],"7":[0,0],"8":[0,0],"9":[0,0]}}
,"D:\\Learn\\WebDev\\tools-cli\\packages\\buildAnalyzer\\src\\core\\analyzer.ts": {"path":"D:\\Learn\\WebDev\\tools-cli\\packages\\buildAnalyzer\\src\\core\\analyzer.ts","statementMap":{"0":{"start":{"line":2,"column":0},"end":{"line":2,"column":24}},"1":{"start":{"line":4,"column":0},"end":{"line":4,"column":81}},"2":{"start":{"line":5,"column":0},"end":{"line":5,"column":47}},"3":{"start":{"line":13,"column":16},"end":{"line":13,"column":43}},"4":{"start":{"line":8,"column":12},"end":{"line":8,"column":42}},"5":{"start":{"line":9,"column":12},"end":{"line":9,"column":46}},"6":{"start":{"line":16,"column":8},"end":{"line":16,"column":41}},"7":{"start":{"line":20,"column":24},"end":{"line":20,"column":52}},"8":{"start":{"line":21,"column":21},"end":{"line":21,"column":47}},"9":{"start":{"line":22,"column":33},"end":{"line":22,"column":75}},"10":{"start":{"line":24,"column":35},"end":{"line":30,"column":10}},"11":{"start":{"line":33,"column":29},"end":{"line":33,"column":93}},"12":{"start":{"line":33,"column":61},"end":{"line":33,"column":92}},"13":{"start":{"line":34,"column":8},"end":{"line":39,"column":9}},"14":{"start":{"line":35,"column":12},"end":{"line":35,"column":60}},"15":{"start":{"line":36,"column":12},"end":{"line":38,"column":13}},"16":{"start":{"line":37,"column":16},"end":{"line":37,"column":39}},"17":{"start":{"line":41,"column":8},"end":{"line":41,"column":41}},"18":{"start":{"line":42,"column":8},"end":{"line":42,"column":24}},"19":{"start":{"line":46,"column":24},"end":{"line":46,"column":56}},"20":{"start":{"line":47,"column":40},"end":{"line":49,"column":null}},"21":{"start":{"line":52,"column":36},"end":{"line":64,"column":10}},"22":{"start":{"line":67,"column":28},"end":{"line":67,"column":61}},"23":{"start":{"line":68,"column":8},"end":{"line":68,"column":79}},"24":{"start":{"line":70,"column":8},"end":{"line":70,"column":22}},"25":{"start":{"line":74,"column":8},"end":{"line":84,"column":9}},"26":{"start":{"line":75,"column":28},"end":{"line":76,"column":null}},"27":{"start":{"line":78,"column":12},"end":{"line":78,"column":67}},"28":{"start":{"line":81,"column":12},"end":{"line":83,"column":13}},"29":{"start":{"line":82,"column":16},"end":{"line":82,"column":97}},"30":{"start":{"line":88,"column":26},"end":{"line":88,"column":39}},"31":{"start":{"line":89,"column":8},"end":{"line":89,"column":38}},"32":{"start":{"line":90,"column":8},"end":{"line":90,"column":32}},"33":{"start":{"line":92,"column":8},"end":{"line":95,"column":10}},"34":{"start":{"line":97,"column":8},"end":{"line":100,"column":10}},"35":{"start":{"line":7,"column":0},"end":{"line":7,"column":13}}},"fnMap":{"0":{"name":"(anonymous_1)","decl":{"start":{"line":12,"column":4},"end":{"line":12,"column":null}},"loc":{"start":{"line":14,"column":34},"end":{"line":17,"column":5}}},"1":{"name":"(anonymous_2)","decl":{"start":{"line":19,"column":4},"end":{"line":19,"column":9}},"loc":{"start":{"line":19,"column":51},"end":{"line":43,"column":5}}},"2":{"name":"(anonymous_3)","decl":{"start":{"line":33,"column":56},"end":{"line":33,"column":57}},"loc":{"start":{"line":33,"column":61},"end":{"line":33,"column":92}}},"3":{"name":"(anonymous_4)","decl":{"start":{"line":45,"column":4},"end":{"line":45,"column":9}},"loc":{"start":{"line":45,"column":24},"end":{"line":71,"column":5}}},"4":{"name":"(anonymous_5)","decl":{"start":{"line":73,"column":4},"end":{"line":73,"column":9}},"loc":{"start":{"line":73,"column":27},"end":{"line":85,"column":5}}},"5":{"name":"(anonymous_6)","decl":{"start":{"line":87,"column":4},"end":{"line":87,"column":9}},"loc":{"start":{"line":87,"column":40},"end":{"line":101,"column":5}}}},"branchMap":{"0":{"loc":{"start":{"line":34,"column":8},"end":{"line":39,"column":9}},"type":"if","locations":[{"start":{"line":34,"column":8},"end":{"line":39,"column":9}}]},"1":{"loc":{"start":{"line":36,"column":12},"end":{"line":38,"column":13}},"type":"if","locations":[{"start":{"line":36,"column":12},"end":{"line":38,"column":13}}]},"2":{"loc":{"start":{"line":81,"column":12},"end":{"line":83,"column":13}},"type":"if","locations":[{"start":{"line":81,"column":12},"end":{"line":83,"column":13}}]},"3":{"loc":{"start":{"line":81,"column":16},"end":{"line":81,"column":92}},"type":"binary-expr","locations":[{"start":{"line":81,"column":16},"end":{"line":81,"column":38}},{"start":{"line":81,"column":43},"end":{"line":81,"column":92}}]}},"s":{"0":1,"1":1,"2":1,"3":5,"4":5,"5":5,"6":5,"7":3,"8":3,"9":3,"10":3,"11":3,"12":0,"13":3,"14":0,"15":0,"16":0,"17":3,"18":3,"19":2,"20":2,"21":2,"22":2,"23":2,"24":2,"25":2,"26":2,"27":1,"28":1,"29":1,"30":1,"31":1,"32":1,"33":1,"34":1,"35":1},"f":{"0":5,"1":3,"2":0,"3":2,"4":2,"5":1},"b":{"0":[0],"1":[0],"2":[1],"3":[1,1]}}
,"D:\\Learn\\WebDev\\tools-cli\\packages\\buildAnalyzer\\src\\errors\\index.ts": {"path":"D:\\Learn\\WebDev\\tools-cli\\packages\\buildAnalyzer\\src\\errors\\index.ts","statementMap":{"0":{"start":{"line":3,"column":8},"end":{"line":3,"column":23}},"1":{"start":{"line":4,"column":8},"end":{"line":4,"column":41}},"2":{"start":{"line":1,"column":0},"end":{"line":1,"column":13}},"3":{"start":{"line":10,"column":8},"end":{"line":10,"column":71}},"4":{"start":{"line":11,"column":8},"end":{"line":11,"column":41}},"5":{"start":{"line":8,"column":0},"end":{"line":8,"column":13}},"6":{"start":{"line":17,"column":8},"end":{"line":17,"column":49}},"7":{"start":{"line":18,"column":8},"end":{"line":18,"column":41}},"8":{"start":{"line":15,"column":0},"end":{"line":15,"column":13}},"9":{"start":{"line":24,"column":8},"end":{"line":24,"column":54}},"10":{"start":{"line":25,"column":8},"end":{"line":25,"column":44}},"11":{"start":{"line":22,"column":0},"end":{"line":22,"column":13}}},"fnMap":{"0":{"name":"(anonymous_0)","decl":{"start":{"line":2,"column":4},"end":{"line":2,"column":16}},"loc":{"start":{"line":2,"column":31},"end":{"line":5,"column":5}}},"1":{"name":"(anonymous_1)","decl":{"start":{"line":9,"column":4},"end":{"line":9,"column":16}},"loc":{"start":{"line":9,"column":65},"end":{"line":12,"column":5}}},"2":{"name":"(anonymous_2)","decl":{"start":{"line":16,"column":4},"end":{"line":16,"column":16}},"loc":{"start":{"line":16,"column":31},"end":{"line":19,"column":5}}},"3":{"name":"(anonymous_3)","decl":{"start":{"line":23,"column":4},"end":{"line":23,"column":16}},"loc":{"start":{"line":23,"column":31},"end":{"line":26,"column":5}}}},"branchMap":{},"s":{"0":2,"1":2,"2":1,"3":1,"4":1,"5":1,"6":0,"7":0,"8":1,"9":0,"10":0,"11":1},"f":{"0":2,"1":1,"2":0,"3":0},"b":{}}
,"D:\\Learn\\WebDev\\tools-cli\\packages\\buildAnalyzer\\src\\reporters\\console.ts": {"path":"D:\\Learn\\WebDev\\tools-cli\\packages\\buildAnalyzer\\src\\reporters\\console.ts","statementMap":{"0":{"start":{"line":2,"column":0},"end":{"line":2,"column":42}},"1":{"start":{"line":3,"column":0},"end":{"line":3,"column":26}},"2":{"start":{"line":7,"column":16},"end":{"line":7,"column":40}},"3":{"start":{"line":8,"column":16},"end":{"line":8,"column":56}},"4":{"start":{"line":12,"column":8},"end":{"line":12,"column":47}},"5":{"start":{"line":13,"column":8},"end":{"line":13,"column":64}},"6":{"start":{"line":16,"column":8},"end":{"line":16,"column":45}},"7":{"start":{"line":17,"column":8},"end":{"line":17,"column":71}},"8":{"start":{"line":18,"column":8},"end":{"line":18,"column":123}},"9":{"start":{"line":19,"column":8},"end":{"line":23,"column":9}},"10":{"start":{"line":20,"column":29},"end":{"line":20,"column":64}},"11":{"start":{"line":21,"column":26},"end":{"line":21,"column":64}},"12":{"start":{"line":22,"column":12},"end":{"line":22,"column":107}},"13":{"start":{"line":26,"column":8},"end":{"line":26,"column":45}},"14":{"start":{"line":27,"column":8},"end":{"line":29,"column":9}},"15":{"start":{"line":28,"column":12},"end":{"line":28,"column":146}},"16":{"start":{"line":30,"column":8},"end":{"line":32,"column":9}},"17":{"start":{"line":31,"column":12},"end":{"line":31,"column":152}},"18":{"start":{"line":33,"column":8},"end":{"line":35,"column":9}},"19":{"start":{"line":34,"column":12},"end":{"line":34,"column":69}},"20":{"start":{"line":38,"column":8},"end":{"line":38,"column":45}},"21":{"start":{"line":39,"column":8},"end":{"line":43,"column":9}},"22":{"start":{"line":40,"column":12},"end":{"line":40,"column":51}},"23":{"start":{"line":42,"column":12},"end":{"line":42,"column":52}},"24":{"start":{"line":46,"column":27},"end":{"line":48,"column":44}},"25":{"start":{"line":47,"column":25},"end":{"line":47,"column":76}},"26":{"start":{"line":48,"column":28},"end":{"line":48,"column":43}},"27":{"start":{"line":50,"column":8},"end":{"line":55,"column":9}},"28":{"start":{"line":51,"column":12},"end":{"line":51,"column":49}},"29":{"start":{"line":52,"column":12},"end":{"line":54,"column":15}},"30":{"start":{"line":53,"column":16},"end":{"line":53,"column":131}},"31":{"start":{"line":57,"column":8},"end":{"line":57,"column":66}},"32":{"start":{"line":5,"column":0},"end":{"line":5,"column":13}}},"fnMap":{"0":{"name":"(anonymous_1)","decl":{"start":{"line":6,"column":4},"end":{"line":6,"column":null}},"loc":{"start":{"line":8,"column":56},"end":{"line":9,"column":9}}},"1":{"name":"(anonymous_2)","decl":{"start":{"line":11,"column":4},"end":{"line":11,"column":9}},"loc":{"start":{"line":11,"column":16},"end":{"line":58,"column":5}}},"2":{"name":"(anonymous_3)","decl":{"start":{"line":47,"column":20},"end":{"line":47,"column":21}},"loc":{"start":{"line":47,"column":25},"end":{"line":47,"column":76}}},"3":{"name":"(anonymous_4)","decl":{"start":{"line":48,"column":18},"end":{"line":48,"column":19}},"loc":{"start":{"line":48,"column":28},"end":{"line":48,"column":43}}},"4":{"name":"(anonymous_5)","decl":{"start":{"line":52,"column":31},"end":{"line":52,"column":35}},"loc":{"start":{"line":52,"column":38},"end":{"line":54,"column":13}}}},"branchMap":{"0":{"loc":{"start":{"line":19,"column":8},"end":{"line":23,"column":9}},"type":"if","locations":[{"start":{"line":19,"column":8},"end":{"line":23,"column":9}}]},"1":{"loc":{"start":{"line":21,"column":26},"end":{"line":21,"column":64}},"type":"cond-expr","locations":[{"start":{"line":21,"column":41},"end":{"line":21,"column":50}},{"start":{"line":21,"column":53},"end":{"line":21,"column":64}}]},"2":{"loc":{"start":{"line":27,"column":8},"end":{"line":29,"column":9}},"type":"if","locations":[{"start":{"line":27,"column":8},"end":{"line":29,"column":9}}]},"3":{"loc":{"start":{"line":30,"column":8},"end":{"line":32,"column":9}},"type":"if","locations":[{"start":{"line":30,"column":8},"end":{"line":32,"column":9}}]},"4":{"loc":{"start":{"line":33,"column":8},"end":{"line":35,"column":9}},"type":"if","locations":[{"start":{"line":33,"column":8},"end":{"line":35,"column":9}}]},"5":{"loc":{"start":{"line":39,"column":8},"end":{"line":43,"column":9}},"type":"if","locations":[{"start":{"line":39,"column":8},"end":{"line":43,"column":9}},{"start":{"line":41,"column":15},"end":{"line":43,"column":9}}]},"6":{"loc":{"start":{"line":46,"column":28},"end":{"line":46,"column":63}},"type":"binary-expr","locations":[{"start":{"line":46,"column":28},"end":{"line":46,"column":57}},{"start":{"line":46,"column":61},"end":{"line":46,"column":63}}]},"7":{"loc":{"start":{"line":50,"column":8},"end":{"line":55,"column":9}},"type":"if","locations":[{"start":{"line":50,"column":8},"end":{"line":55,"column":9}}]}},"s":{"0":0,"1":0,"2":0,"3":0,"4":0,"5":0,"6":0,"7":0,"8":0,"9":0,"10":0,"11":0,"12":0,"13":0,"14":0,"15":0,"16":0,"17":0,"18":0,"19":0,"20":0,"21":0,"22":0,"23":0,"24":0,"25":0,"26":0,"27":0,"28":0,"29":0,"30":0,"31":0,"32":0},"f":{"0":0,"1":0,"2":0,"3":0,"4":0},"b":{"0":[0],"1":[0,0],"2":[0],"3":[0],"4":[0],"5":[0,0],"6":[0,0],"7":[0]}}
,"D:\\Learn\\WebDev\\tools-cli\\packages\\buildAnalyzer\\src\\services\\diffAnalyzer.ts": {"path":"D:\\Learn\\WebDev\\tools-cli\\packages\\buildAnalyzer\\src\\services\\diffAnalyzer.ts","statementMap":{"0":{"start":{"line":5,"column":27},"end":{"line":5,"column":69}},"1":{"start":{"line":5,"column":52},"end":{"line":5,"column":67}},"2":{"start":{"line":6,"column":24},"end":{"line":6,"column":63}},"3":{"start":{"line":6,"column":46},"end":{"line":6,"column":61}},"4":{"start":{"line":8,"column":20},"end":{"line":8,"column":65}},"5":{"start":{"line":8,"column":40},"end":{"line":8,"column":64}},"6":{"start":{"line":9,"column":23},"end":{"line":12,"column":10}},"7":{"start":{"line":10,"column":29},"end":{"line":10,"column":52}},"8":{"start":{"line":11,"column":12},"end":{"line":11,"column":56}},"9":{"start":{"line":13,"column":23},"end":{"line":13,"column":68}},"10":{"start":{"line":13,"column":40},"end":{"line":13,"column":67}},"11":{"start":{"line":15,"column":8},"end":{"line":15,"column":39}},"12":{"start":{"line":3,"column":0},"end":{"line":3,"column":13}}},"fnMap":{"0":{"name":"(anonymous_0)","decl":{"start":{"line":4,"column":4},"end":{"line":4,"column":11}},"loc":{"start":{"line":4,"column":49},"end":{"line":16,"column":5}}},"1":{"name":"(anonymous_1)","decl":{"start":{"line":5,"column":47},"end":{"line":5,"column":48}},"loc":{"start":{"line":5,"column":52},"end":{"line":5,"column":67}}},"2":{"name":"(anonymous_2)","decl":{"start":{"line":6,"column":41},"end":{"line":6,"column":42}},"loc":{"start":{"line":6,"column":46},"end":{"line":6,"column":61}}},"3":{"name":"(anonymous_3)","decl":{"start":{"line":8,"column":35},"end":{"line":8,"column":36}},"loc":{"start":{"line":8,"column":40},"end":{"line":8,"column":64}}},"4":{"name":"(anonymous_4)","decl":{"start":{"line":9,"column":38},"end":{"line":9,"column":39}},"loc":{"start":{"line":9,"column":42},"end":{"line":12,"column":9}}},"5":{"name":"(anonymous_5)","decl":{"start":{"line":13,"column":35},"end":{"line":13,"column":36}},"loc":{"start":{"line":13,"column":40},"end":{"line":13,"column":67}}}},"branchMap":{"0":{"loc":{"start":{"line":11,"column":19},"end":{"line":11,"column":55}},"type":"binary-expr","locations":[{"start":{"line":11,"column":19},"end":{"line":11,"column":27}},{"start":{"line":11,"column":31},"end":{"line":11,"column":55}}]}},"s":{"0":2,"1":2,"2":2,"3":1,"4":2,"5":2,"6":2,"7":2,"8":2,"9":2,"10":1,"11":2,"12":1},"f":{"0":2,"1":2,"2":1,"3":2,"4":2,"5":1},"b":{"0":[2,0]}}
,"D:\\Learn\\WebDev\\tools-cli\\packages\\buildAnalyzer\\src\\services\\zipBuilder.ts": {"path":"D:\\Learn\\WebDev\\tools-cli\\packages\\buildAnalyzer\\src\\services\\zipBuilder.ts","statementMap":{"0":{"start":{"line":1,"column":0},"end":{"line":1,"column":39}},"1":{"start":{"line":2,"column":0},"end":{"line":2,"column":24}},"2":{"start":{"line":3,"column":0},"end":{"line":3,"column":32}},"3":{"start":{"line":7,"column":24},"end":{"line":7,"column":51}},"4":{"start":{"line":10,"column":24},"end":{"line":10,"column":61}},"5":{"start":{"line":11,"column":24},"end":{"line":13,"column":68}},"6":{"start":{"line":15,"column":23},"end":{"line":15,"column":49}},"7":{"start":{"line":16,"column":24},"end":{"line":18,"column":10}},"8":{"start":{"line":20,"column":8},"end":{"line":32,"column":11}},"9":{"start":{"line":21,"column":12},"end":{"line":21,"column":40}},"10":{"start":{"line":22,"column":12},"end":{"line":22,"column":40}},"11":{"start":{"line":24,"column":12},"end":{"line":24,"column":33}},"12":{"start":{"line":26,"column":12},"end":{"line":29,"column":13}},"13":{"start":{"line":27,"column":33},"end":{"line":27,"column":76}},"14":{"start":{"line":28,"column":16},"end":{"line":28,"column":84}},"15":{"start":{"line":31,"column":12},"end":{"line":31,"column":31}},"16":{"start":{"line":6,"column":0},"end":{"line":6,"column":13}}},"fnMap":{"0":{"name":"(anonymous_1)","decl":{"start":{"line":7,"column":4},"end":{"line":7,"column":24}},"loc":{"start":{"line":7,"column":51},"end":{"line":7,"column":56}}},"1":{"name":"(anonymous_2)","decl":{"start":{"line":9,"column":4},"end":{"line":9,"column":9}},"loc":{"start":{"line":9,"column":60},"end":{"line":33,"column":5}}},"2":{"name":"(anonymous_3)","decl":{"start":{"line":20,"column":27},"end":{"line":20,"column":28}},"loc":{"start":{"line":20,"column":47},"end":{"line":32,"column":9}}}},"branchMap":{"0":{"loc":{"start":{"line":10,"column":38},"end":{"line":10,"column":60}},"type":"binary-expr","locations":[{"start":{"line":10,"column":38},"end":{"line":10,"column":54}},{"start":{"line":10,"column":58},"end":{"line":10,"column":60}}]},"1":{"loc":{"start":{"line":11,"column":24},"end":{"line":13,"column":68}},"type":"cond-expr","locations":[{"start":{"line":12,"column":14},"end":{"line":12,"column":66}},{"start":{"line":13,"column":14},"end":{"line":13,"column":68}}]}},"s":{"0":0,"1":0,"2":0,"3":0,"4":0,"5":0,"6":0,"7":0,"8":0,"9":0,"10":0,"11":0,"12":0,"13":0,"14":0,"15":0,"16":0},"f":{"0":0,"1":0,"2":0},"b":{"0":[0,0],"1":[0,0]}}
,"D:\\Learn\\WebDev\\tools-cli\\packages\\buildAnalyzer\\src\\utils\\index.ts": {"path":"D:\\Learn\\WebDev\\tools-cli\\packages\\buildAnalyzer\\src\\utils\\index.ts","statementMap":{"0":{"start":{"line":5,"column":0},"end":{"line":5,"column":16}},"1":{"start":{"line":9,"column":0},"end":{"line":9,"column":16}},"2":{"start":{"line":13,"column":0},"end":{"line":13,"column":16}},"3":{"start":{"line":21,"column":0},"end":{"line":21,"column":7}},"4":{"start":{"line":29,"column":0},"end":{"line":29,"column":7}},"5":{"start":{"line":37,"column":0},"end":{"line":37,"column":16}},"6":{"start":{"line":41,"column":0},"end":{"line":41,"column":16}},"7":{"start":{"line":1,"column":0},"end":{"line":1,"column":36}},"8":{"start":{"line":2,"column":0},"end":{"line":2,"column":36}},"9":{"start":{"line":3,"column":0},"end":{"line":3,"column":47}},"10":{"start":{"line":6,"column":4},"end":{"line":6,"column":40}},"11":{"start":{"line":10,"column":4},"end":{"line":10,"column":74}},"12":{"start":{"line":10,"column":39},"end":{"line":10,"column":69}},"13":{"start":{"line":14,"column":4},"end":{"line":14,"column":48}},"14":{"start":{"line":14,"column":35},"end":{"line":14,"column":48}},"15":{"start":{"line":15,"column":4},"end":{"line":17,"column":5}},"16":{"start":{"line":16,"column":8},"end":{"line":16,"column":47}},"17":{"start":{"line":18,"column":4},"end":{"line":18,"column":27}},"18":{"start":{"line":22,"column":4},"end":{"line":26,"column":5}},"19":{"start":{"line":23,"column":8},"end":{"line":23,"column":43}},"20":{"start":{"line":25,"column":8},"end":{"line":25,"column":71}},"21":{"start":{"line":30,"column":4},"end":{"line":34,"column":5}},"22":{"start":{"line":31,"column":8},"end":{"line":31,"column":43}},"23":{"start":{"line":33,"column":8},"end":{"line":33,"column":72}},"24":{"start":{"line":38,"column":4},"end":{"line":38,"column":62}},"25":{"start":{"line":42,"column":19},"end":{"line":42,"column":46}},"26":{"start":{"line":43,"column":18},"end":{"line":45,"column":43}},"27":{"start":{"line":47,"column":12},"end":{"line":47,"column":13}},"28":{"start":{"line":48,"column":12},"end":{"line":48,"column":17}},"29":{"start":{"line":50,"column":4},"end":{"line":53,"column":5}},"30":{"start":{"line":51,"column":8},"end":{"line":51,"column":20}},"31":{"start":{"line":52,"column":8},"end":{"line":52,"column":12}},"32":{"start":{"line":55,"column":4},"end":{"line":55,"column":41}}},"fnMap":{"0":{"name":"unixy","decl":{"start":{"line":5,"column":16},"end":{"line":5,"column":21}},"loc":{"start":{"line":5,"column":38},"end":{"line":7,"column":1}}},"1":{"name":"sumBy","decl":{"start":{"line":9,"column":16},"end":{"line":9,"column":21}},"loc":{"start":{"line":9,"column":49},"end":{"line":11,"column":1}}},"2":{"name":"(anonymous_2)","decl":{"start":{"line":10,"column":24},"end":{"line":10,"column":25}},"loc":{"start":{"line":10,"column":39},"end":{"line":10,"column":69}}},"3":{"name":"convertNumber","decl":{"start":{"line":13,"column":16},"end":{"line":13,"column":29}},"loc":{"start":{"line":13,"column":67},"end":{"line":19,"column":1}}},"4":{"name":"safeReadFile","decl":{"start":{"line":21,"column":22},"end":{"line":21,"column":34}},"loc":{"start":{"line":21,"column":51},"end":{"line":27,"column":1}}},"5":{"name":"safeWriteFile","decl":{"start":{"line":29,"column":22},"end":{"line":29,"column":35}},"loc":{"start":{"line":29,"column":75},"end":{"line":35,"column":1}}},"6":{"name":"calculateFileHash","decl":{"start":{"line":37,"column":16},"end":{"line":37,"column":33}},"loc":{"start":{"line":37,"column":49},"end":{"line":39,"column":1}}},"7":{"name":"formatFileSize","decl":{"start":{"line":41,"column":16},"end":{"line":41,"column":30}},"loc":{"start":{"line":41,"column":71},"end":{"line":56,"column":1}}}},"branchMap":{"0":{"loc":{"start":{"line":10,"column":46},"end":{"line":10,"column":68}},"type":"binary-expr","locations":[{"start":{"line":10,"column":46},"end":{"line":10,"column":63}},{"start":{"line":10,"column":67},"end":{"line":10,"column":68}}]},"1":{"loc":{"start":{"line":14,"column":4},"end":{"line":14,"column":48}},"type":"if","locations":[{"start":{"line":14,"column":4},"end":{"line":14,"column":48}}]},"2":{"loc":{"start":{"line":15,"column":4},"end":{"line":17,"column":5}},"type":"if","locations":[{"start":{"line":15,"column":4},"end":{"line":17,"column":5}}]},"3":{"loc":{"start":{"line":41,"column":46},"end":{"line":41,"column":71}},"type":"default-arg","locations":[{"start":{"line":41,"column":67},"end":{"line":41,"column":71}}]},"4":{"loc":{"start":{"line":42,"column":19},"end":{"line":42,"column":46}},"type":"cond-expr","locations":[{"start":{"line":42,"column":35},"end":{"line":42,"column":39}},{"start":{"line":42,"column":42},"end":{"line":42,"column":46}}]},"5":{"loc":{"start":{"line":43,"column":18},"end":{"line":45,"column":43}},"type":"cond-expr","locations":[{"start":{"line":44,"column":10},"end":{"line":44,"column":39}},{"start":{"line":45,"column":10},"end":{"line":45,"column":43}}]},"6":{"loc":{"start":{"line":50,"column":11},"end":{"line":50,"column":56}},"type":"binary-expr","locations":[{"start":{"line":50,"column":11},"end":{"line":50,"column":32}},{"start":{"line":50,"column":36},"end":{"line":50,"column":56}}]}},"s":{"0":1,"1":1,"2":1,"3":1,"4":1,"5":1,"6":1,"7":1,"8":1,"9":1,"10":0,"11":8,"12":6,"13":0,"14":0,"15":0,"16":0,"17":0,"18":5,"19":5,"20":1,"21":2,"22":2,"23":0,"24":5,"25":0,"26":0,"27":0,"28":0,"29":0,"30":0,"31":0,"32":0},"f":{"0":0,"1":8,"2":6,"3":0,"4":5,"5":2,"6":5,"7":0},"b":{"0":[6,0],"1":[0],"2":[0],"3":[0],"4":[0,0],"5":[0,0],"6":[0,0]}}
}
