TN:
SF:src\index.ts
FN:13,(anonymous_1)
FN:22,main
FNF:2
FNH:0
FNDA:0,(anonymous_1)
FNDA:0,main
DA:1,0
DA:2,0
DA:4,0
DA:5,0
DA:6,0
DA:7,0
DA:8,0
DA:10,0
DA:13,0
DA:23,0
DA:24,0
DA:25,0
DA:27,0
DA:35,0
DA:36,0
DA:38,0
DA:39,0
DA:43,0
DA:45,0
DA:48,0
DA:49,0
DA:50,0
DA:53,0
DA:56,0
DA:57,0
DA:58,0
DA:59,0
DA:60,0
DA:61,0
DA:66,0
DA:69,0
DA:72,0
DA:73,0
DA:74,0
DA:75,0
DA:80,0
DA:82,0
DA:83,0
DA:85,0
DA:88,0
DA:90,0
DA:92,0
DA:93,0
DA:97,0
DA:99,0
LF:45
LH:0
BRDA:24,0,0,0
BRDA:24,0,1,0
BRDA:25,1,0,0
BRDA:25,1,1,0
BRDA:35,2,0,0
BRDA:38,3,0,0
BRDA:58,4,0,0
BRDA:58,5,0,0
BRDA:58,5,1,0
BRDA:72,6,0,0
BRDA:74,7,0,0
BRDA:74,7,1,0
BRDA:80,8,0,0
BRDA:80,8,1,0
BRDA:92,9,0,0
BRDA:92,9,1,0
BRF:16
BRH:0
end_of_record
TN:
SF:src\core\analyzer.ts
FN:12,(anonymous_1)
FN:19,(anonymous_2)
FN:33,(anonymous_3)
FN:45,(anonymous_4)
FN:73,(anonymous_5)
FN:87,(anonymous_6)
FNF:6
FNH:5
FNDA:5,(anonymous_1)
FNDA:3,(anonymous_2)
FNDA:0,(anonymous_3)
FNDA:2,(anonymous_4)
FNDA:2,(anonymous_5)
FNDA:1,(anonymous_6)
DA:2,1
DA:4,1
DA:5,1
DA:7,1
DA:8,5
DA:9,5
DA:13,5
DA:16,5
DA:20,3
DA:21,3
DA:22,3
DA:24,3
DA:33,3
DA:34,3
DA:35,0
DA:36,0
DA:37,0
DA:41,3
DA:42,3
DA:46,2
DA:47,2
DA:52,2
DA:67,2
DA:68,2
DA:70,2
DA:74,2
DA:75,2
DA:78,1
DA:81,1
DA:82,1
DA:88,1
DA:89,1
DA:90,1
DA:92,1
DA:97,1
LF:35
LH:32
BRDA:34,0,0,0
BRDA:36,1,0,0
BRDA:81,2,0,1
BRDA:81,3,0,1
BRDA:81,3,1,1
BRF:5
BRH:3
end_of_record
TN:
SF:src\errors\index.ts
FN:2,(anonymous_0)
FN:9,(anonymous_1)
FN:16,(anonymous_2)
FN:23,(anonymous_3)
FNF:4
FNH:2
FNDA:2,(anonymous_0)
FNDA:1,(anonymous_1)
FNDA:0,(anonymous_2)
FNDA:0,(anonymous_3)
DA:1,1
DA:3,2
DA:4,2
DA:8,1
DA:10,1
DA:11,1
DA:15,1
DA:17,0
DA:18,0
DA:22,1
DA:24,0
DA:25,0
LF:12
LH:8
BRF:0
BRH:0
end_of_record
TN:
SF:src\reporters\console.ts
FN:6,(anonymous_1)
FN:11,(anonymous_2)
FN:47,(anonymous_3)
FN:48,(anonymous_4)
FN:52,(anonymous_5)
FNF:5
FNH:0
FNDA:0,(anonymous_1)
FNDA:0,(anonymous_2)
FNDA:0,(anonymous_3)
FNDA:0,(anonymous_4)
FNDA:0,(anonymous_5)
DA:2,0
DA:3,0
DA:5,0
DA:7,0
DA:8,0
DA:12,0
DA:13,0
DA:16,0
DA:17,0
DA:18,0
DA:19,0
DA:20,0
DA:21,0
DA:22,0
DA:26,0
DA:27,0
DA:28,0
DA:30,0
DA:31,0
DA:33,0
DA:34,0
DA:38,0
DA:39,0
DA:40,0
DA:42,0
DA:46,0
DA:47,0
DA:48,0
DA:50,0
DA:51,0
DA:52,0
DA:53,0
DA:57,0
LF:33
LH:0
BRDA:19,0,0,0
BRDA:21,1,0,0
BRDA:21,1,1,0
BRDA:27,2,0,0
BRDA:30,3,0,0
BRDA:33,4,0,0
BRDA:39,5,0,0
BRDA:39,5,1,0
BRDA:46,6,0,0
BRDA:46,6,1,0
BRDA:50,7,0,0
BRF:11
BRH:0
end_of_record
TN:
SF:src\services\diffAnalyzer.ts
FN:4,(anonymous_0)
FN:5,(anonymous_1)
FN:6,(anonymous_2)
FN:8,(anonymous_3)
FN:9,(anonymous_4)
FN:13,(anonymous_5)
FNF:6
FNH:6
FNDA:2,(anonymous_0)
FNDA:2,(anonymous_1)
FNDA:1,(anonymous_2)
FNDA:2,(anonymous_3)
FNDA:2,(anonymous_4)
FNDA:1,(anonymous_5)
DA:3,1
DA:5,2
DA:6,2
DA:8,2
DA:9,2
DA:10,2
DA:11,2
DA:13,2
DA:15,2
LF:9
LH:9
BRDA:11,0,0,2
BRDA:11,0,1,0
BRF:2
BRH:1
end_of_record
TN:
SF:src\services\zipBuilder.ts
FN:7,(anonymous_1)
FN:9,(anonymous_2)
FN:20,(anonymous_3)
FNF:3
FNH:0
FNDA:0,(anonymous_1)
FNDA:0,(anonymous_2)
FNDA:0,(anonymous_3)
DA:1,0
DA:2,0
DA:3,0
DA:6,0
DA:7,0
DA:10,0
DA:11,0
DA:15,0
DA:16,0
DA:20,0
DA:21,0
DA:22,0
DA:24,0
DA:26,0
DA:27,0
DA:28,0
DA:31,0
LF:17
LH:0
BRDA:10,0,0,0
BRDA:10,0,1,0
BRDA:11,1,0,0
BRDA:11,1,1,0
BRF:4
BRH:0
end_of_record
TN:
SF:src\utils\index.ts
FN:5,unixy
FN:9,sumBy
FN:10,(anonymous_2)
FN:13,convertNumber
FN:21,safeReadFile
FN:29,safeWriteFile
FN:37,calculateFileHash
FN:41,formatFileSize
FNF:8
FNH:5
FNDA:0,unixy
FNDA:8,sumBy
FNDA:6,(anonymous_2)
FNDA:0,convertNumber
FNDA:5,safeReadFile
FNDA:2,safeWriteFile
FNDA:5,calculateFileHash
FNDA:0,formatFileSize
DA:1,1
DA:2,1
DA:3,1
DA:5,1
DA:6,0
DA:9,1
DA:10,8
DA:13,1
DA:14,0
DA:15,0
DA:16,0
DA:18,0
DA:21,1
DA:22,5
DA:23,5
DA:25,1
DA:29,1
DA:30,2
DA:31,2
DA:33,0
DA:37,1
DA:38,5
DA:41,1
DA:42,0
DA:43,0
DA:47,0
DA:48,0
DA:50,0
DA:51,0
DA:52,0
DA:55,0
LF:31
LH:17
BRDA:10,0,0,6
BRDA:10,0,1,0
BRDA:14,1,0,0
BRDA:15,2,0,0
BRDA:41,3,0,0
BRDA:42,4,0,0
BRDA:42,4,1,0
BRDA:43,5,0,0
BRDA:43,5,1,0
BRDA:50,6,0,0
BRDA:50,6,1,0
BRF:11
BRH:1
end_of_record
