{"D:\\Learn\\WebDev\\tools-cli\\packages\\utils\\src\\index.ts": {"path":"D:\\Learn\\WebDev\\tools-cli\\packages\\utils\\src\\index.ts","statementMap":{"0":{"start":{"line":3,"column":0},"end":{"line":3,"column":16}},"1":{"start":{"line":10,"column":0},"end":{"line":10,"column":16}},"2":{"start":{"line":17,"column":0},"end":{"line":17,"column":16}},"3":{"start":{"line":1,"column":0},"end":{"line":1,"column":9}},"4":{"start":{"line":23,"column":2},"end":{"line":1,"column":65}},"5":{"start":{"line":4,"column":2},"end":{"line":6,"column":3}},"6":{"start":{"line":5,"column":4},"end":{"line":5,"column":42}},"7":{"start":{"line":7,"column":2},"end":{"line":7,"column":21}},"8":{"start":{"line":11,"column":2},"end":{"line":13,"column":3}},"9":{"start":{"line":12,"column":4},"end":{"line":12,"column":40}},"10":{"start":{"line":14,"column":2},"end":{"line":14,"column":18}},"11":{"start":{"line":18,"column":2},"end":{"line":18,"column":61}},"12":{"start":{"line":18,"column":33},"end":{"line":18,"column":56}},"13":{"start":{"line":28,"column":0},"end":{"line":33,"column":2}}},"fnMap":{"0":{"name":"(anonymous_0)","decl":{"start":{"line":23,"column":2},"end":{"line":23,"column":10}},"loc":{"start":{"line":23,"column":2},"end":{"line":1,"column":65}}},"1":{"name":"convertNumber","decl":{"start":{"line":3,"column":16},"end":{"line":3,"column":29}},"loc":{"start":{"line":3,"column":64},"end":{"line":8,"column":1}}},"2":{"name":"unixy","decl":{"start":{"line":10,"column":16},"end":{"line":10,"column":21}},"loc":{"start":{"line":10,"column":38},"end":{"line":15,"column":1}}},"3":{"name":"sumBy","decl":{"start":{"line":17,"column":16},"end":{"line":17,"column":21}},"loc":{"start":{"line":17,"column":74},"end":{"line":19,"column":1}}},"4":{"name":"(anonymous_4)","decl":{"start":{"line":18,"column":20},"end":{"line":18,"column":21}},"loc":{"start":{"line":18,"column":33},"end":{"line":18,"column":56}}}},"branchMap":{"0":{"loc":{"start":{"line":4,"column":2},"end":{"line":6,"column":3}},"type":"if","locations":[{"start":{"line":4,"column":2},"end":{"line":6,"column":3}}]},"1":{"loc":{"start":{"line":4,"column":6},"end":{"line":4,"column":58}},"type":"binary-expr","locations":[{"start":{"line":4,"column":6},"end":{"line":4,"column":29}},{"start":{"line":4,"column":33},"end":{"line":4,"column":58}}]},"2":{"loc":{"start":{"line":11,"column":2},"end":{"line":13,"column":3}},"type":"if","locations":[{"start":{"line":11,"column":2},"end":{"line":13,"column":3}}]},"3":{"loc":{"start":{"line":17,"column":25},"end":{"line":17,"column":38}},"type":"default-arg","locations":[{"start":{"line":17,"column":36},"end":{"line":17,"column":38}}]},"4":{"loc":{"start":{"line":17,"column":40},"end":{"line":17,"column":74}},"type":"default-arg","locations":[{"start":{"line":17,"column":57},"end":{"line":17,"column":74}}]}},"s":{"0":1,"1":1,"2":1,"3":1,"4":1,"5":4,"6":2,"7":2,"8":2,"9":1,"10":1,"11":2,"12":3,"13":1},"f":{"0":0,"1":4,"2":2,"3":2,"4":3},"b":{"0":[2],"1":[4,3],"2":[1],"3":[0],"4":[1]}}
,"D:\\Learn\\WebDev\\tools-cli\\packages\\utils\\src\\traverseFiles.ts": {"path":"D:\\Learn\\WebDev\\tools-cli\\packages\\utils\\src\\traverseFiles.ts","statementMap":{"0":{"start":{"line":47,"column":0},"end":{"line":47,"column":7}},"1":{"start":{"line":1,"column":0},"end":{"line":1,"column":44}},"2":{"start":{"line":3,"column":0},"end":{"line":3,"column":29}},"3":{"start":{"line":14,"column":2},"end":{"line":14,"column":36}},"4":{"start":{"line":15,"column":2},"end":{"line":15,"column":27}},"5":{"start":{"line":19,"column":2},"end":{"line":19,"column":36}},"6":{"start":{"line":20,"column":2},"end":{"line":20,"column":27}},"7":{"start":{"line":24,"column":2},"end":{"line":24,"column":69}},"8":{"start":{"line":28,"column":2},"end":{"line":28,"column":35}},"9":{"start":{"line":32,"column":2},"end":{"line":34,"column":3}},"10":{"start":{"line":33,"column":4},"end":{"line":33,"column":21}},"11":{"start":{"line":36,"column":2},"end":{"line":38,"column":3}},"12":{"start":{"line":37,"column":4},"end":{"line":37,"column":53}},"13":{"start":{"line":37,"column":27},"end":{"line":37,"column":52}},"14":{"start":{"line":40,"column":2},"end":{"line":42,"column":3}},"15":{"start":{"line":41,"column":4},"end":{"line":41,"column":72}},"16":{"start":{"line":41,"column":27},"end":{"line":41,"column":71}},"17":{"start":{"line":44,"column":2},"end":{"line":44,"column":19}},"18":{"start":{"line":53,"column":2},"end":{"line":76,"column":3}},"19":{"start":{"line":54,"column":15},"end":{"line":54,"column":68}},"20":{"start":{"line":55,"column":17},"end":{"line":55,"column":42}},"21":{"start":{"line":56,"column":18},"end":{"line":56,"column":43}},"22":{"start":{"line":58,"column":14},"end":{"line":58,"column":34}},"23":{"start":{"line":60,"column":4},"end":{"line":72,"column":5}},"24":{"start":{"line":61,"column":6},"end":{"line":61,"column":34}},"25":{"start":{"line":62,"column":20},"end":{"line":62,"column":68}},"26":{"start":{"line":64,"column":6},"end":{"line":67,"column":7}},"27":{"start":{"line":65,"column":25},"end":{"line":65,"column":57}},"28":{"start":{"line":66,"column":8},"end":{"line":66,"column":63}},"29":{"start":{"line":68,"column":11},"end":{"line":72,"column":5}},"30":{"start":{"line":69,"column":6},"end":{"line":69,"column":29}},"31":{"start":{"line":69,"column":22},"end":{"line":69,"column":29}},"32":{"start":{"line":70,"column":6},"end":{"line":70,"column":38}},"33":{"start":{"line":70,"column":31},"end":{"line":70,"column":38}},"34":{"start":{"line":71,"column":6},"end":{"line":71,"column":35}},"35":{"start":{"line":74,"column":4},"end":{"line":74,"column":25}},"36":{"start":{"line":75,"column":4},"end":{"line":75,"column":16}},"37":{"start":{"line":79,"column":0},"end":{"line":79,"column":24}}},"fnMap":{"0":{"name":"visitDirDefault","decl":{"start":{"line":13,"column":9},"end":{"line":13,"column":24}},"loc":{"start":{"line":13,"column":54},"end":{"line":16,"column":1}}},"1":{"name":"visitFileDefault","decl":{"start":{"line":18,"column":9},"end":{"line":18,"column":25}},"loc":{"start":{"line":18,"column":55},"end":{"line":21,"column":1}}},"2":{"name":"isRegExp","decl":{"start":{"line":23,"column":9},"end":{"line":23,"column":17}},"loc":{"start":{"line":23,"column":32},"end":{"line":25,"column":1}}},"3":{"name":"isString","decl":{"start":{"line":27,"column":9},"end":{"line":27,"column":17}},"loc":{"start":{"line":27,"column":32},"end":{"line":29,"column":1}}},"4":{"name":"genFnInc","decl":{"start":{"line":31,"column":9},"end":{"line":31,"column":17}},"loc":{"start":{"line":31,"column":52},"end":{"line":45,"column":1}}},"5":{"name":"(anonymous_14)","decl":{"start":{"line":37,"column":11},"end":{"line":37,"column":12}},"loc":{"start":{"line":37,"column":27},"end":{"line":37,"column":52}}},"6":{"name":"(anonymous_15)","decl":{"start":{"line":41,"column":11},"end":{"line":41,"column":12}},"loc":{"start":{"line":41,"column":27},"end":{"line":41,"column":71}}},"7":{"name":"traverse","decl":{"start":{"line":47,"column":22},"end":{"line":47,"column":30}},"loc":{"start":{"line":51,"column":31},"end":{"line":77,"column":1}}}},"branchMap":{"0":{"loc":{"start":{"line":32,"column":2},"end":{"line":34,"column":3}},"type":"if","locations":[{"start":{"line":32,"column":2},"end":{"line":34,"column":3}}]},"1":{"loc":{"start":{"line":36,"column":2},"end":{"line":38,"column":3}},"type":"if","locations":[{"start":{"line":36,"column":2},"end":{"line":38,"column":3}}]},"2":{"loc":{"start":{"line":40,"column":2},"end":{"line":42,"column":3}},"type":"if","locations":[{"start":{"line":40,"column":2},"end":{"line":42,"column":3}}]},"3":{"loc":{"start":{"line":40,"column":6},"end":{"line":40,"column":63}},"type":"binary-expr","locations":[{"start":{"line":40,"column":6},"end":{"line":40,"column":32}},{"start":{"line":40,"column":36},"end":{"line":40,"column":63}}]},"4":{"loc":{"start":{"line":41,"column":35},"end":{"line":41,"column":70}},"type":"binary-expr","locations":[{"start":{"line":41,"column":35},"end":{"line":41,"column":37}},{"start":{"line":41,"column":41},"end":{"line":41,"column":70}}]},"5":{"loc":{"start":{"line":49,"column":2},"end":{"line":49,"column":45}},"type":"default-arg","locations":[{"start":{"line":49,"column":29},"end":{"line":49,"column":45}}]},"6":{"loc":{"start":{"line":50,"column":2},"end":{"line":50,"column":43}},"type":"default-arg","locations":[{"start":{"line":50,"column":28},"end":{"line":50,"column":43}}]},"7":{"loc":{"start":{"line":51,"column":2},"end":{"line":51,"column":31}},"type":"default-arg","locations":[{"start":{"line":51,"column":29},"end":{"line":51,"column":31}}]},"8":{"loc":{"start":{"line":54,"column":15},"end":{"line":54,"column":68}},"type":"cond-expr","locations":[{"start":{"line":54,"column":34},"end":{"line":54,"column":42}},{"start":{"line":54,"column":45},"end":{"line":54,"column":68}}]},"9":{"loc":{"start":{"line":60,"column":4},"end":{"line":72,"column":5}},"type":"if","locations":[{"start":{"line":60,"column":4},"end":{"line":72,"column":5}},{"start":{"line":68,"column":11},"end":{"line":72,"column":5}}]},"10":{"loc":{"start":{"line":68,"column":11},"end":{"line":72,"column":5}},"type":"if","locations":[{"start":{"line":68,"column":11},"end":{"line":72,"column":5}}]},"11":{"loc":{"start":{"line":69,"column":6},"end":{"line":69,"column":29}},"type":"if","locations":[{"start":{"line":69,"column":6},"end":{"line":69,"column":29}}]},"12":{"loc":{"start":{"line":69,"column":10},"end":{"line":69,"column":20}},"type":"cond-expr","locations":[{"start":{"line":69,"column":14},"end":{"line":69,"column":17}},{"start":{"line":69,"column":10},"end":{"line":69,"column":20}}]},"13":{"loc":{"start":{"line":69,"column":10},"end":{"line":69,"column":17}},"type":"binary-expr","locations":[{"start":{"line":69,"column":10},"end":{"line":69,"column":17}},{"start":{"line":69,"column":10},"end":{"line":69,"column":17}}]},"14":{"loc":{"start":{"line":70,"column":6},"end":{"line":70,"column":38}},"type":"if","locations":[{"start":{"line":70,"column":6},"end":{"line":70,"column":38}}]},"15":{"loc":{"start":{"line":70,"column":10},"end":{"line":70,"column":29}},"type":"binary-expr","locations":[{"start":{"line":70,"column":10},"end":{"line":70,"column":15}},{"start":{"line":70,"column":19},"end":{"line":70,"column":29}}]}},"s":{"0":2,"1":2,"2":2,"3":0,"4":0,"5":0,"6":0,"7":1,"8":1,"9":8,"10":7,"11":1,"12":0,"13":0,"14":1,"15":1,"16":1,"17":0,"18":4,"19":4,"20":4,"21":4,"22":4,"23":4,"24":1,"25":1,"26":1,"27":2,"28":2,"29":3,"30":3,"31":0,"32":3,"33":0,"34":3,"35":0,"36":0,"37":2},"f":{"0":0,"1":0,"2":1,"3":1,"4":8,"5":0,"6":1,"7":4},"b":{"0":[7],"1":[0],"2":[1],"3":[1,1],"4":[1,1],"5":[0],"6":[1],"7":[1],"8":[1,3],"9":[1,3],"10":[3],"11":[0],"12":[3,0],"13":[3,3],"14":[0],"15":[3,1]}}
}
