TN:
SF:src\index.ts
FN:23,(anonymous_0)
FN:3,convertNumber
FN:10,unixy
FN:17,sumBy
FN:18,(anonymous_4)
FNF:5
FNH:4
FNDA:0,(anonymous_0)
FNDA:4,convertNumber
FNDA:2,unixy
FNDA:2,sumBy
FNDA:3,(anonymous_4)
DA:1,1
DA:3,1
DA:4,4
DA:5,2
DA:7,2
DA:10,1
DA:11,2
DA:12,1
DA:14,1
DA:17,1
DA:18,3
DA:23,1
DA:28,1
LF:13
LH:13
BRDA:4,0,0,2
BRDA:4,1,0,4
BRDA:4,1,1,3
BRDA:11,2,0,1
BRDA:17,3,0,0
BRDA:17,4,0,1
BRF:6
BRH:5
end_of_record
TN:
SF:src\traverseFiles.ts
FN:13,visitDirDefault
FN:18,visitFileDefault
FN:23,isRegExp
FN:27,isString
FN:31,genFnInc
FN:37,(anonymous_14)
FN:41,(anonymous_15)
FN:47,traverse
FNF:8
FNH:5
FNDA:0,visitDirDefault
FNDA:0,visitFileDefault
FNDA:1,isRegExp
FNDA:1,isString
FNDA:8,genFnInc
FNDA:0,(anonymous_14)
FNDA:1,(anonymous_15)
FNDA:4,traverse
DA:1,2
DA:3,2
DA:14,0
DA:15,0
DA:19,0
DA:20,0
DA:24,1
DA:28,1
DA:32,8
DA:33,7
DA:36,1
DA:37,0
DA:40,1
DA:41,1
DA:44,0
DA:47,2
DA:53,4
DA:54,4
DA:55,4
DA:56,4
DA:58,4
DA:60,4
DA:61,1
DA:62,1
DA:64,1
DA:65,2
DA:66,2
DA:68,3
DA:69,3
DA:70,3
DA:71,3
DA:74,0
DA:75,0
DA:79,2
LF:34
LH:26
BRDA:32,0,0,7
BRDA:36,1,0,0
BRDA:40,2,0,1
BRDA:40,3,0,1
BRDA:40,3,1,1
BRDA:41,4,0,1
BRDA:41,4,1,1
BRDA:49,5,0,0
BRDA:50,6,0,1
BRDA:51,7,0,1
BRDA:54,8,0,1
BRDA:54,8,1,3
BRDA:60,9,0,1
BRDA:60,9,1,3
BRDA:68,10,0,3
BRDA:69,11,0,0
BRDA:69,12,0,3
BRDA:69,12,1,0
BRDA:69,13,0,3
BRDA:69,13,1,3
BRDA:70,14,0,0
BRDA:70,15,0,3
BRDA:70,15,1,1
BRF:23
BRH:18
end_of_record
